[08/01/2013 3:10 PM] - FAIL: IPN Validation Failed . /cgi-bin/webscr : www.sandbox.paypal.com
IPN POST Vars from gateway:
address_state=CA, quantity=1, txn_id=431347844, last_name=Smith, mc_currency=USD, payer_status=verified, address_status=confirmed, tax=2.02, invoice=abc1234, shipping=3.04, address_street=123, any street, payer_email=buyer@paypalsandbox.com, mc_gross1=12.34, item_name=something, first_name=John, business=seller@paypalsandbox.com, verify_sign=ATpdkrzyXworIuNPZZeoGp0TR8wZAb6XVOobv-lsC7jNKVTiWUB7WUFG, payer_id=TESTBUYERID01, payment_date=02:17:31 1 Aug 2013 PDT, address_country=United States, payment_status=Completed, receiver_email=seller@paypalsandbox.com, payment_type=echeck, address_zip=95131, address_city=San Jose, mc_gross=12.34, mc_fee=0.44, residence_country=US, address_country_code=US, notify_version=2.1, receiver_id=seller@paypalsandbox.com, txn_type=web_accept, custom=xyz123, item_number=AK-1234, address_name=John Smith, test_ipn=1, 
IPN Response from gateway Server:
 INVALID

[08/01/2013 3:11 PM] - FAIL: IPN Validation Failed . /cgi-bin/webscr : www.sandbox.paypal.com
IPN POST Vars from gateway:
address_state=CA, quantity=1, txn_id=826847776, last_name=Smith, mc_currency=USD, payer_status=verified, address_status=confirmed, tax=2.02, invoice=abc1234, shipping=3.04, address_street=123, any street, payer_email=buyer@paypalsandbox.com, mc_gross1=12.34, item_name=something, first_name=John, business=seller@paypalsandbox.com, verify_sign=ABzE7aUdw9tXsu0wF0XqUml5wNXsAEPxhjnzbbcEKH8BxbCm3FHgo7Ki, payer_id=TESTBUYERID01, payment_date=02:40:34 1 Aug 2013 PDT, address_country=United States, payment_status=Completed, receiver_email=seller@paypalsandbox.com, payment_type=echeck, address_zip=95131, address_city=San Jose, mc_gross=12.34, mc_fee=0.44, residence_country=US, address_country_code=US, notify_version=2.1, receiver_id=seller@paypalsandbox.com, txn_type=web_accept, custom=63, item_number=AK-1234, address_name=John Smith, test_ipn=1, 
IPN Response from gateway Server:
 INVALID

[08/01/2013 3:13 PM] - FAIL: IPN Validation Failed . /cgi-bin/webscr : www.sandbox.paypal.com
IPN POST Vars from gateway:
address_state=CA, quantity=1, txn_id=836178291, last_name=Smith, mc_currency=USD, payer_status=verified, address_status=confirmed, tax=2.02, invoice=abc1234, shipping=3.04, address_street=123, any street, payer_email=buyer@paypalsandbox.com, mc_gross1=12.34, item_name=something, first_name=John, business=seller@paypalsandbox.com, verify_sign=Aw5AWO4L883oxMcK-XfvBryPykJFA7VKdEpRrZ1GCNhWhA9ClAuvlCjf, payer_id=TESTBUYERID01, payment_date=02:40:57 1 Aug 2013 PDT, address_country=United States, payment_status=Completed, receiver_email=seller@paypalsandbox.com, payment_type=echeck, address_zip=95131, address_city=San Jose, mc_gross=12.34, mc_fee=0.44, residence_country=US, address_country_code=US, notify_version=2.1, receiver_id=seller@paypalsandbox.com, txn_type=web_accept, custom=64, item_number=AK-1234, address_name=John Smith, test_ipn=1, 
IPN Response from gateway Server:
 INVALID

[10/15/2013 11:18 AM] - FAIL: IPN Validation Failed . /cgi-bin/webscr : www.sandbox.paypal.com
IPN POST Vars from gateway:
residence_country=US, invoice=abc1234, address_city=San Jose, first_name=John, payer_id=TESTBUYERID01, mc_fee=0.44, txn_id=1017361694, receiver_email=seller@paypalsandbox.com, custom=167, payment_date=22:47:05 14 Oct 2013 PDT, address_country_code=US, address_zip=95131, item_name1=something, mc_handling=2.06, mc_handling1=1.67, tax=2.02, address_name=John Smith, last_name=Smith, receiver_id=seller@paypalsandbox.com, verify_sign=An5ns1Kso7MWUdW4ErQKJJJ4qi4-A8RzuKPZUyOPdU8.8y6QByJbl-vw, address_country=United States, payment_status=Completed, address_status=confirmed, business=seller@paypalsandbox.com, payer_email=buyer@paypalsandbox.com, notify_version=2.4, txn_type=cart, test_ipn=1, payer_status=verified, mc_currency=USD, mc_gross=15.34, mc_shipping=3.02, mc_shipping1=1.02, item_number1=AK-1234, address_state=CA, mc_gross1=12.34, payment_type=instant, address_street=123, any street, 
IPN Response from gateway Server:
 INVALID

[10/15/2013 11:33 AM] - FAIL: IPN Validation Failed . /cgi-bin/webscr : www.sandbox.paypal.com
IPN POST Vars from gateway:
mc_gross=38.20, protection_eligibility=Eligible, address_status=confirmed, payer_id=HW3YGU2Z26NWQ, tax=0.00, address_street=1 Main St, payment_date=23:03:32 Oct 14, 2013 PDT, payment_status=Completed, charset=windows-1252, address_zip=95131, first_name=Nilan, mc_fee=1.41, address_country_code=US, address_name=Nilan Sanjaya, notify_version=3.7, custom=184, payer_status=verified, business=testmerchant101@gmail.com, address_country=United States, address_city=San Jose, quantity=1, verify_sign=AFcWxV21C7fd0v3bYYYRCpSSRl31AqCWZZcckY-MYgdfDcoRZaEg2mrB, payer_email=nilan@gmail.com, txn_id=1VT09399NT992903N, payment_type=instant, last_name=Sanjaya, address_state=CA, receiver_email=testmerchant101@gmail.com, payment_fee=1.41, receiver_id=UU6TQ5RFJ5M7E, txn_type=web_accept, item_name=Roomista - Invoice, mc_currency=USD, item_number=1 - Suite Room at Mystic Cottage  for 1 Days, residence_country=US, test_ipn=1, handling_amount=0.00, transaction_subject=184, payment_gross=38.20, shipping=0.00, ipn_track_id=9674d9d722d78, 
IPN Response from gateway Server:
 INVALID

[10/15/2013 3:05 PM] - FAIL: IPN Validation Failed . /cgi-bin/webscr : www.sandbox.paypal.com
IPN POST Vars from gateway:
mc_gross=38.20, protection_eligibility=Eligible, address_status=confirmed, payer_id=HW3YGU2Z26NWQ, tax=0.00, address_street=1 Main St, payment_date=02:34:56 Oct 15, 2013 PDT, payment_status=Completed, charset=windows-1252, address_zip=95131, first_name=Nilan, mc_fee=1.41, address_country_code=US, address_name=Nilan Sanjaya, notify_version=3.7, custom=196, payer_status=verified, business=testmerchant101@gmail.com, address_country=United States, address_city=San Jose, quantity=1, verify_sign=AzCqyJ3R5nn8sfxebDSec8vd3AA0As1UAuCUSOiyNHPFB9gyDgKcmId2, payer_email=nilan@gmail.com, txn_id=2YR65042PK413670G, payment_type=instant, last_name=Sanjaya, address_state=CA, receiver_email=testmerchant101@gmail.com, payment_fee=1.41, receiver_id=UU6TQ5RFJ5M7E, txn_type=web_accept, item_name=Roomista - Invoice, mc_currency=USD, item_number=1 - Suite Room at Mystic Cottage  for 1 Days, residence_country=US, test_ipn=1, handling_amount=0.00, transaction_subject=196, payment_gross=38.20, shipping=0.00, ipn_track_id=6b90d465699dc, 
IPN Response from gateway Server:
 INVALID

[10/15/2013 3:38 PM] - FAIL: IPN Validation Failed . /cgi-bin/webscr : www.sandbox.paypal.com
IPN POST Vars from gateway:
mc_gross=22.89, protection_eligibility=Eligible, address_status=confirmed, payer_id=HW3YGU2Z26NWQ, tax=0.00, address_street=1 Main St, payment_date=03:07:13 Oct 15, 2013 PDT, payment_status=Completed, charset=windows-1252, address_zip=95131, first_name=Nilan, mc_fee=0.96, address_country_code=US, address_name=Nilan Sanjaya, notify_version=3.7, custom=198, payer_status=verified, business=testmerchant101@gmail.com, address_country=United States, address_city=San Jose, quantity=1, verify_sign=An5ns1Kso7MWUdW4ErQKJJJ4qi4-A6bot0dHdza9qFSeGGGXW0.nJuoU, payer_email=nilan@gmail.com, txn_id=30595392PS3957221, payment_type=instant, last_name=Sanjaya, address_state=CA, receiver_email=testmerchant101@gmail.com, payment_fee=0.96, receiver_id=UU6TQ5RFJ5M7E, txn_type=web_accept, item_name=Roomista - Invoice, mc_currency=USD, item_number=1 - Double Rooms at Mystic Cottage  for 1 Days, residence_country=US, test_ipn=1, handling_amount=0.00, transaction_subject=198, payment_gross=22.89, shipping=0.00, ipn_track_id=9e4fb53344154, 
IPN Response from gateway Server:
 INVALID

[10/15/2013 3:42 PM] - FAIL: IPN Validation Failed . /cgi-bin/webscr : www.sandbox.paypal.com
IPN POST Vars from gateway:
mc_gross=76.30, protection_eligibility=Eligible, address_status=confirmed, payer_id=HW3YGU2Z26NWQ, tax=0.00, address_street=1 Main St, payment_date=03:12:31 Oct 15, 2013 PDT, payment_status=Completed, charset=windows-1252, address_zip=95131, first_name=Nilan, mc_fee=2.51, address_country_code=US, address_name=Nilan Sanjaya, notify_version=3.7, custom=199, payer_status=verified, business=testmerchant101@gmail.com, address_country=United States, address_city=San Jose, quantity=1, verify_sign=A.nDoFkbO0FGJwRGvw3ZFydIVhzsA9rmP9exIiBqS0lWZXiCjmm03PgG, payer_email=nilan@gmail.com, txn_id=1S84404788981483S, payment_type=instant, last_name=Sanjaya, address_state=CA, receiver_email=testmerchant101@gmail.com, payment_fee=2.51, receiver_id=UU6TQ5RFJ5M7E, txn_type=web_accept, item_name=Roomista - Invoice, mc_currency=USD, item_number=2 - Suite Room at Mystic Cottage  for 1 Days, residence_country=US, test_ipn=1, handling_amount=0.00, transaction_subject=199, payment_gross=76.30, shipping=0.00, ipn_track_id=9658077c5ed64, 
IPN Response from gateway Server:
 INVALID

